============================================================
Batch submission for: Muon_pid13_E1e4_R150
Output base dir     : /uufs/chpc.utah.edu/common/home/u1520754/test_sim_chain/Muon_pid13_E1e4_R150
SLURM script        : /uufs/chpc.utah.edu/common/home/u1520754/Muon_Trinity/cluster_corsika8/run_corsika8_trinity_chain.slurm
PDG=13  ENERGY=1e4  TEL_RADIUS=150
============================================================

Submitting job 1:
  zenith=89 azimuth=270 x=0 z=0 h=3000 seed=5
Submitted batch job 15780465

Submitting job 2:
  zenith=89 azimuth=270 x=0 z=0 h=4000 seed=5
Submitted batch job 15780466

Submitting job 3:
  zenith=89 azimuth=270 x=0 z=0 h=5000 seed=5
Submitted batch job 15780467

Submitting job 4:
  zenith=89 azimuth=270 x=0 z=0 h=6000 seed=5
Submitted batch job 15780468

Submitting job 5:
  zenith=89 azimuth=270 x=0 z=0 h=8000 seed=5
Submitted batch job 15780469

Submitting job 6:
  zenith=89 azimuth=270 x=0 z=0 h=9000 seed=5
Submitted batch job 15780470

Submitting job 7:
  zenith=89 azimuth=270 x=0 z=0 h=10000 seed=5
Submitted batch job 15780471

Submitting job 8:
  zenith=89 azimuth=270 x=0 z=0 h=12000 seed=5
Submitted batch job 15780472

Submitting job 9:
  zenith=89 azimuth=270 x=0 z=0 h=15000 seed=5
Submitted batch job 15780473

Submitting job 10:
  zenith=89 azimuth=270 x=0 z=0 h=17000 seed=5
Submitted batch job 15780474

Submitting job 11:
  zenith=89 azimuth=270 x=0 z=0 h=20000 seed=5
Submitted batch job 15780475

============================================================
Submission complete.
  Total combinations : 11
  Successfully submitted: 11
  Failed submissions    : 0

All outputs will be under:
  /uufs/chpc.utah.edu/common/home/u1520754/test_sim_chain/Muon_pid13_E1e4_R150/

Per-job SLURM logs (stdout/stderr) are in:
  /uufs/chpc.utah.edu/common/home/u1520754/log/corsika8_trinity_<jobid>.out/err
Per-job chain logs are in:
  /uufs/chpc.utah.edu/common/home/u1520754/test_sim_chain/Muon_pid13_E1e4_R150/logs/
============================================================
